

Started GET "/" for 127.0.0.1 at 2014-10-31 08:17:25 -0200

ActiveRecord::PendingMigrationError (

Migrations are pending. To resolve this issue, run:

	bin/rake db:migrate RAILS_ENV=development

):
  activerecord (4.1.5) lib/active_record/migration.rb:389:in `check_pending!'
  activerecord (4.1.5) lib/active_record/migration.rb:377:in `call'
  actionpack (4.1.5) lib/action_dispatch/middleware/callbacks.rb:29:in `block in call'
  activesupport (4.1.5) lib/active_support/callbacks.rb:82:in `run_callbacks'
  actionpack (4.1.5) lib/action_dispatch/middleware/callbacks.rb:27:in `call'
  actionpack (4.1.5) lib/action_dispatch/middleware/reloader.rb:73:in `call'
  actionpack (4.1.5) lib/action_dispatch/middleware/remote_ip.rb:76:in `call'
  actionpack (4.1.5) lib/action_dispatch/middleware/debug_exceptions.rb:17:in `call'
  actionpack (4.1.5) lib/action_dispatch/middleware/show_exceptions.rb:30:in `call'
  railties (4.1.5) lib/rails/rack/logger.rb:38:in `call_app'
  railties (4.1.5) lib/rails/rack/logger.rb:20:in `block in call'
  activesupport (4.1.5) lib/active_support/tagged_logging.rb:68:in `block in tagged'
  activesupport (4.1.5) lib/active_support/tagged_logging.rb:26:in `tagged'
  activesupport (4.1.5) lib/active_support/tagged_logging.rb:68:in `tagged'
  railties (4.1.5) lib/rails/rack/logger.rb:20:in `call'
  actionpack (4.1.5) lib/action_dispatch/middleware/request_id.rb:21:in `call'
  rack (1.5.2) lib/rack/methodoverride.rb:21:in `call'
  rack (1.5.2) lib/rack/runtime.rb:17:in `call'
  activesupport (4.1.5) lib/active_support/cache/strategy/local_cache_middleware.rb:26:in `call'
  rack (1.5.2) lib/rack/lock.rb:17:in `call'
  actionpack (4.1.5) lib/action_dispatch/middleware/static.rb:64:in `call'
  rack (1.5.2) lib/rack/sendfile.rb:112:in `call'
  railties (4.1.5) lib/rails/engine.rb:514:in `call'
  railties (4.1.5) lib/rails/application.rb:144:in `call'
  rack (1.5.2) lib/rack/lock.rb:17:in `call'
  rack (1.5.2) lib/rack/content_length.rb:14:in `call'
  rack (1.5.2) lib/rack/handler/webrick.rb:60:in `service'
  /usr/lib/ruby/1.9.1/webrick/httpserver.rb:138:in `service'
  /usr/lib/ruby/1.9.1/webrick/httpserver.rb:94:in `run'
  /usr/lib/ruby/1.9.1/webrick/server.rb:191:in `block in start_thread'


  Rendered /var/lib/gems/1.9.1/gems/actionpack-4.1.5/lib/action_dispatch/middleware/templates/rescues/_source.erb (0.7ms)
  Rendered /var/lib/gems/1.9.1/gems/actionpack-4.1.5/lib/action_dispatch/middleware/templates/rescues/_trace.html.erb (1.2ms)
  Rendered /var/lib/gems/1.9.1/gems/actionpack-4.1.5/lib/action_dispatch/middleware/templates/rescues/_request_and_response.html.erb (1.1ms)
  Rendered /var/lib/gems/1.9.1/gems/actionpack-4.1.5/lib/action_dispatch/middleware/templates/rescues/diagnostics.erb within rescues/layout (45.4ms)
  [1m[36m (127.0ms)[0m  [1mCREATE TABLE "schema_migrations" ("version" varchar(255) NOT NULL) [0m
  [1m[35m (0.3ms)[0m  select sqlite_version(*)
  [1m[36m (132.7ms)[0m  [1mCREATE UNIQUE INDEX "unique_schema_migrations" ON "schema_migrations" ("version")[0m
  [1m[35mActiveRecord::SchemaMigration Load (0.4ms)[0m  SELECT "schema_migrations".* FROM "schema_migrations"
Migrating to CreateNiveis (20140912013559)
  [1m[36m (0.1ms)[0m  [1mbegin transaction[0m
  [1m[35m (0.5ms)[0m  CREATE TABLE "niveis" ("id" INTEGER PRIMARY KEY AUTOINCREMENT NOT NULL, "nivel" varchar(50), "created_at" datetime, "updated_at" datetime) 
  [1m[36mSQL (26.3ms)[0m  [1mINSERT INTO "schema_migrations" ("version") VALUES (?)[0m  [["version", "20140912013559"]]
  [1m[35m (133.8ms)[0m  commit transaction
Migrating to CreateUsuarios (20140912013921)
  [1m[36m (0.2ms)[0m  [1mbegin transaction[0m
  [1m[35m (0.9ms)[0m  CREATE TABLE "usuarios" ("id" INTEGER PRIMARY KEY AUTOINCREMENT NOT NULL, "nome" varchar(100), "email" varchar(140), "login" varchar(50), "senha" varchar(32), "nascimento" date, "ativo" boolean, "nivel_id" integer, "created_at" datetime, "updated_at" datetime) 
  [1m[36m (0.4ms)[0m  [1mCREATE  INDEX "index_usuarios_on_nivel_id" ON "usuarios" ("nivel_id")[0m
  [1m[35mSQL (0.4ms)[0m  INSERT INTO "schema_migrations" ("version") VALUES (?)  [["version", "20140912013921"]]
  [1m[36m (135.9ms)[0m  [1mcommit transaction[0m
Migrating to CreateAssuntos (20141017144249)
  [1m[35m (0.1ms)[0m  begin transaction
  [1m[36m (0.3ms)[0m  [1mCREATE TABLE "assuntos" ("id" INTEGER PRIMARY KEY AUTOINCREMENT NOT NULL, "assunto" varchar(255), "tipo" integer, "created_at" datetime, "updated_at" datetime) [0m
  [1m[35mSQL (0.1ms)[0m  INSERT INTO "schema_migrations" ("version") VALUES (?)  [["version", "20141017144249"]]
  [1m[36m (161.7ms)[0m  [1mcommit transaction[0m
Migrating to CreatePosts (20141024110453)
  [1m[35m (0.1ms)[0m  begin transaction
  [1m[36m (0.3ms)[0m  [1mCREATE TABLE "posts" ("id" INTEGER PRIMARY KEY AUTOINCREMENT NOT NULL, "usuario_id" integer, "data" datetime, "conteudo" varchar(255), "assunto_id" integer, "created_at" datetime, "updated_at" datetime) [0m
  [1m[35m (0.2ms)[0m  CREATE  INDEX "index_posts_on_usuario_id" ON "posts" ("usuario_id")
  [1m[36m (0.2ms)[0m  [1m            SELECT sql
            FROM sqlite_master
            WHERE name='index_posts_on_usuario_id' AND type='index'
            UNION ALL
            SELECT sql
            FROM sqlite_temp_master
            WHERE name='index_posts_on_usuario_id' AND type='index'
[0m
  [1m[35m (0.2ms)[0m  CREATE  INDEX "index_posts_on_assunto_id" ON "posts" ("assunto_id")
  [1m[36mSQL (0.2ms)[0m  [1mINSERT INTO "schema_migrations" ("version") VALUES (?)[0m  [["version", "20141024110453"]]
  [1m[35m (164.9ms)[0m  commit transaction
  [1m[36mActiveRecord::SchemaMigration Load (0.1ms)[0m  [1mSELECT "schema_migrations".* FROM "schema_migrations"[0m
  [1m[35m (0.1ms)[0m              SELECT sql
            FROM sqlite_master
            WHERE name='index_posts_on_assunto_id' AND type='index'
            UNION ALL
            SELECT sql
            FROM sqlite_temp_master
            WHERE name='index_posts_on_assunto_id' AND type='index'

  [1m[36m (0.1ms)[0m  [1m            SELECT sql
            FROM sqlite_master
            WHERE name='index_posts_on_usuario_id' AND type='index'
            UNION ALL
            SELECT sql
            FROM sqlite_temp_master
            WHERE name='index_posts_on_usuario_id' AND type='index'
[0m
  [1m[35m (0.1ms)[0m              SELECT sql
            FROM sqlite_master
            WHERE name='index_usuarios_on_nivel_id' AND type='index'
            UNION ALL
            SELECT sql
            FROM sqlite_temp_master
            WHERE name='index_usuarios_on_nivel_id' AND type='index'



Started GET "/" for 127.0.0.1 at 2014-10-31 08:18:08 -0200
  [1m[36mActiveRecord::SchemaMigration Load (0.2ms)[0m  [1mSELECT "schema_migrations".* FROM "schema_migrations"[0m
Processing by HomeController#index as HTML
  Rendered home/index.html.erb within layouts/application (30.4ms)
Completed 200 OK in 1044ms (Views: 1016.5ms | ActiveRecord: 0.0ms)


Started GET "/assets/twitter-bootstrap-static/bootstrap.css?body=1" for 127.0.0.1 at 2014-10-31 08:18:10 -0200


Started GET "/assets/twitter-bootstrap-static/fontawesome.css?body=1" for 127.0.0.1 at 2014-10-31 08:18:10 -0200


Started GET "/assets/bootstrap_and_overrides.css?body=1" for 127.0.0.1 at 2014-10-31 08:18:10 -0200


Started GET "/assets/twitter/bootstrap/transition.js?body=1" for 127.0.0.1 at 2014-10-31 08:18:10 -0200


Started GET "/assets/twitter/bootstrap/alert.js?body=1" for 127.0.0.1 at 2014-10-31 08:18:10 -0200


Started GET "/assets/twitter/bootstrap/modal.js?body=1" for 127.0.0.1 at 2014-10-31 08:18:10 -0200


Started GET "/assets/geografia.css?body=1" for 127.0.0.1 at 2014-10-31 08:18:10 -0200


Started GET "/assets/home.css?body=1" for 127.0.0.1 at 2014-10-31 08:18:10 -0200


Started GET "/assets/login.css?body=1" for 127.0.0.1 at 2014-10-31 08:18:10 -0200


Started GET "/assets/application.css?body=1" for 127.0.0.1 at 2014-10-31 08:18:10 -0200


Started GET "/assets/usuarios.css?body=1" for 127.0.0.1 at 2014-10-31 08:18:10 -0200


Started GET "/assets/twitter/bootstrap/dropdown.js?body=1" for 127.0.0.1 at 2014-10-31 08:18:10 -0200


Started GET "/assets/twitter/bootstrap/scrollspy.js?body=1" for 127.0.0.1 at 2014-10-31 08:18:10 -0200


Started GET "/assets/twitter/bootstrap/tab.js?body=1" for 127.0.0.1 at 2014-10-31 08:18:10 -0200


Started GET "/assets/twitter/bootstrap/tooltip.js?body=1" for 127.0.0.1 at 2014-10-31 08:18:10 -0200


Started GET "/assets/twitter/bootstrap/popover.js?body=1" for 127.0.0.1 at 2014-10-31 08:18:10 -0200


Started GET "/assets/twitter/bootstrap/button.js?body=1" for 127.0.0.1 at 2014-10-31 08:18:10 -0200


Started GET "/assets/twitter/bootstrap/collapse.js?body=1" for 127.0.0.1 at 2014-10-31 08:18:10 -0200


Started GET "/assets/twitter/bootstrap/carousel.js?body=1" for 127.0.0.1 at 2014-10-31 08:18:10 -0200


Started GET "/assets/twitter/bootstrap/affix.js?body=1" for 127.0.0.1 at 2014-10-31 08:18:10 -0200


Started GET "/assets/bootstrap.js?body=1" for 127.0.0.1 at 2014-10-31 08:18:10 -0200


Started GET "/assets/twitter/bootstrap.js?body=1" for 127.0.0.1 at 2014-10-31 08:18:10 -0200


Started GET "/assets/turbolinks.js?body=1" for 127.0.0.1 at 2014-10-31 08:18:10 -0200


Started GET "/assets/home.js?body=1" for 127.0.0.1 at 2014-10-31 08:18:10 -0200


Started GET "/assets/jquery_ujs.js?body=1" for 127.0.0.1 at 2014-10-31 08:18:10 -0200


Started GET "/assets/jquery.js?body=1" for 127.0.0.1 at 2014-10-31 08:18:10 -0200


Started GET "/assets/login.js?body=1" for 127.0.0.1 at 2014-10-31 08:18:10 -0200


Started GET "/assets/usuarios.js?body=1" for 127.0.0.1 at 2014-10-31 08:18:10 -0200


Started GET "/assets/application.js?body=1" for 127.0.0.1 at 2014-10-31 08:18:10 -0200


Started GET "/assets/geografia.js?body=1" for 127.0.0.1 at 2014-10-31 08:18:10 -0200
